{"/Users/wangshuangyan/learnspace/webpack4-demo/builder-webpack/lib/webpack.base.js":{"path":"/Users/wangshuangyan/learnspace/webpack4-demo/builder-webpack/lib/webpack.base.js","s":{"1":1,"2":1,"3":1,"4":1,"5":1,"6":1,"7":1,"8":1,"9":1,"10":1,"11":1,"12":1,"13":1,"14":2,"15":2,"16":2,"17":2,"18":1,"19":1,"20":1,"21":0,"22":0,"23":0},"b":{"1":[2,2],"2":[0,0],"3":[0,0,0]},"f":{"1":0},"fnMap":{"1":{"name":"errorsPlugin","line":121,"loc":{"start":{"line":121,"column":8},"end":{"line":121,"column":32}}}},"statementMap":{"1":{"start":{"line":2,"column":0},"end":{"line":2,"column":28}},"2":{"start":{"line":3,"column":0},"end":{"line":3,"column":28}},"3":{"start":{"line":4,"column":0},"end":{"line":4,"column":44}},"4":{"start":{"line":5,"column":0},"end":{"line":5,"column":56}},"5":{"start":{"line":6,"column":0},"end":{"line":6,"column":58}},"6":{"start":{"line":7,"column":0},"end":{"line":7,"column":63}},"7":{"start":{"line":8,"column":0},"end":{"line":8,"column":77}},"8":{"start":{"line":10,"column":0},"end":{"line":10,"column":33}},"9":{"start":{"line":12,"column":0},"end":{"line":37,"column":1}},"10":{"start":{"line":13,"column":4},"end":{"line":13,"column":75}},"11":{"start":{"line":14,"column":4},"end":{"line":14,"column":20}},"12":{"start":{"line":15,"column":4},"end":{"line":15,"column":33}},"13":{"start":{"line":16,"column":4},"end":{"line":35,"column":6}},"14":{"start":{"line":17,"column":8},"end":{"line":17,"column":59}},"15":{"start":{"line":18,"column":8},"end":{"line":18,"column":40}},"16":{"start":{"line":19,"column":8},"end":{"line":19,"column":34}},"17":{"start":{"line":20,"column":8},"end":{"line":34,"column":11}},"18":{"start":{"line":36,"column":4},"end":{"line":36,"column":40}},"19":{"start":{"line":39,"column":0},"end":{"line":39,"column":48}},"20":{"start":{"line":41,"column":0},"end":{"line":130,"column":1}},"21":{"start":{"line":122,"column":12},"end":{"line":126,"column":14}},"22":{"start":{"line":123,"column":16},"end":{"line":125,"column":17}},"23":{"start":{"line":124,"column":20},"end":{"line":124,"column":35}}},"branchMap":{"1":{"line":18,"type":"binary-expr","locations":[{"start":{"line":18,"column":25},"end":{"line":18,"column":29}},{"start":{"line":18,"column":33},"end":{"line":18,"column":40}}]},"2":{"line":123,"type":"if","locations":[{"start":{"line":123,"column":16},"end":{"line":123,"column":16}},{"start":{"line":123,"column":16},"end":{"line":123,"column":16}}]},"3":{"line":123,"type":"binary-expr","locations":[{"start":{"line":123,"column":20},"end":{"line":123,"column":44}},{"start":{"line":123,"column":48},"end":{"line":123,"column":79}},{"start":{"line":123,"column":83},"end":{"line":123,"column":121}}]}}}}